2023-12-09 18:51:43 INFO  FlightBooking_BaseClass:55 - Browser going to Launch
  2023-12-09 18:51:47 INFO  FlightBooking_BaseClass:66 - ChromeBrowser Launched
  2023-12-09 18:51:47 INFO  FlightBooking_BaseClass:68 - Maximizing Browser
  2023-12-09 18:51:48 INFO  FlightBooking_BaseClass:70 - Url Hit
  2023-12-09 18:53:14 INFO  FlightBooking_BaseClass:14 - Cookies Cleared
  2023-12-09 18:53:15 INFO  FlightBooking_BaseClass:55 - Browser going to Launch
  2023-12-09 18:53:19 INFO  FlightBooking_BaseClass:66 - ChromeBrowser Launched
  2023-12-09 18:53:19 INFO  FlightBooking_BaseClass:68 - Maximizing Browser
  2023-12-09 18:53:19 INFO  FlightBooking_BaseClass:70 - Url Hit
  2023-12-09 18:55:05 INFO  FlightBooking_BaseClass:14 - Cookies Cleared
  2023-12-09 18:55:06 INFO  FlightBooking_BaseClass:55 - Browser going to Launch
  2023-12-09 18:55:10 INFO  FlightBooking_BaseClass:66 - ChromeBrowser Launched
  2023-12-09 18:55:10 INFO  FlightBooking_BaseClass:68 - Maximizing Browser
  2023-12-09 18:55:10 INFO  FlightBooking_BaseClass:70 - Url Hit
  2023-12-09 18:55:27 INFO  FlightBooking_BaseClass:14 - Cookies Cleared
  2023-12-09 18:55:28 INFO  FlightBooking_BaseClass:55 - Browser going to Launch
  2023-12-09 18:55:32 INFO  FlightBooking_BaseClass:66 - ChromeBrowser Launched
  2023-12-09 18:55:32 INFO  FlightBooking_BaseClass:68 - Maximizing Browser
  2023-12-09 18:55:32 INFO  FlightBooking_BaseClass:70 - Url Hit
  2023-12-09 19:08:00 INFO  FlightBooking_BaseClass:65 - Browser going to Launch
  2023-12-09 19:08:01 INFO  FlightBooking_BaseClass:66 - ChromeBrowser Launched
  2023-12-09 19:08:01 INFO  FlightBooking_BaseClass:68 - Maximizing Browser
  2023-12-09 19:22:36 INFO  FlightBooking_BaseClass:65 - Browser going to Launch
  2023-12-09 19:22:36 INFO  FlightBooking_BaseClass:66 - ChromeBrowser Launched
  2023-12-09 19:22:36 INFO  FlightBooking_BaseClass:68 - Maximizing Browser
  2023-12-09 19:24:29 INFO  FlightBooking_BaseClass:65 - Browser going to Launch
  2023-12-09 19:24:29 INFO  FlightBooking_BaseClass:66 - ChromeBrowser Launched
  2023-12-09 19:24:29 INFO  FlightBooking_BaseClass:68 - Maximizing Browser
  2023-12-09 19:27:36 INFO  FlightBooking_BaseClass:65 - Browser going to Launch
  2023-12-09 19:27:36 INFO  FlightBooking_BaseClass:66 - ChromeBrowser Launched
  2023-12-09 19:27:37 INFO  FlightBooking_BaseClass:68 - Maximizing Browser
  2023-12-09 19:28:31 INFO  FlightBooking_BaseClass:70 - Url Hit
  2023-12-09 19:28:31 INFO  FlightBooking_BaseClass:14 - Cookies Cleared
  2023-12-09 19:31:38 INFO  FlightBooking_BaseClass:65 - Browser going to Launch
  2023-12-09 19:31:38 INFO  FlightBooking_BaseClass:66 - ChromeBrowser Launched
  2023-12-09 19:31:39 INFO  FlightBooking_BaseClass:68 - Maximizing Browser
  2023-12-09 19:41:44 INFO  FlightBooking_BaseClass:65 - Browser going to Launch
  2023-12-09 19:41:44 INFO  FlightBooking_BaseClass:66 - ChromeBrowser Launched
  2023-12-09 19:41:44 INFO  FlightBooking_BaseClass:68 - Maximizing Browser
  2023-12-09 19:43:30 INFO  FlightBooking_BaseClass:65 - Browser going to Launch
  2023-12-09 19:43:30 INFO  FlightBooking_BaseClass:66 - ChromeBrowser Launched
  2023-12-09 19:43:30 INFO  FlightBooking_BaseClass:68 - Maximizing Browser
  2023-12-11 19:52:13 INFO  FlightBooking_BaseClass:65 - Browser going to Launch
  2023-12-11 19:52:13 INFO  FlightBooking_BaseClass:66 - ChromeBrowser Launched
  2023-12-11 19:52:13 INFO  FlightBooking_BaseClass:68 - Maximizing Browser
  2023-12-11 19:52:33 INFO  FlightBooking_BaseClass:70 - Url Hit
  2023-12-11 19:52:33 INFO  FlightBooking_BaseClass:14 - Cookies Cleared
  